{"level":"info","message":"Servidor http escuchando en el puerto 8080 - PID 11560"}
{"level":"error","message":"Error en servidor Error: listen EADDRINUSE: address already in use :::8080"}
{"level":"info","message":"Servidor http escuchando en el puerto 8080 - PID 6504"}
{"level":"error","message":"Error en servidor Error: listen EADDRINUSE: address already in use :::8080"}
{"level":"info","message":"Servidor http escuchando en el puerto 8080 - PID 4460"}
{"level":"error","message":"Error en servidor Error: listen EADDRINUSE: address already in use :::8080"}
{"level":"info","message":"Servidor http escuchando en el puerto 8080 - PID 8700"}
{"level":"info","message":"Servidor http escuchando en el puerto 8080 - PID 2328"}
{"level":"info","message":"Servidor http escuchando en el puerto 8080 - PID 11232"}
{"level":"info","message":"Servidor http escuchando en el puerto 8080 - PID 5340"}
{"level":"info","message":"Servidor http escuchando en el puerto 8080 - PID 3384"}
{"level":"info","message":"Servidor http escuchando en el puerto 8080 - PID 2520"}
{"level":"info","message":"Servidor http escuchando en el puerto 8080 - PID 6388"}
{"level":"info","message":"Servidor http escuchando en el puerto 8080 - PID 5796"}
{"level":"info","message":"Servidor http escuchando en el puerto 8080 - PID 6012"}
{"level":"info","message":"Servidor http escuchando en el puerto 8080 - PID 2992"}
{"level":"info","message":"Servidor http escuchando en el puerto 8080 - PID 9572"}
{"level":"info","message":"Servidor http escuchando en el puerto 8080 - PID 9472"}
{"level":"info","message":"Servidor http escuchando en el puerto 8080 - PID 9384"}
{"level":"info","message":"Servidor http escuchando en el puerto 8080 - PID 9784"}
{"level":"info","message":"Servidor http escuchando en el puerto 8080 - PID 7728"}
{"level":"info","message":"Servidor http escuchando en el puerto 8080 - PID 8000"}
{"level":"info","message":"Servidor http escuchando en el puerto 8080 - PID 2436"}
{"level":"info","message":"Servidor http escuchando en el puerto 8080 - PID 8496"}
{"level":"info","message":"Servidor http escuchando en el puerto 8080 - PID 8120"}
{"level":"info","message":"Servidor http escuchando en el puerto 8080 - PID 624"}
{"level":"info","message":"Servidor http escuchando en el puerto 8080 - PID 4668"}
{"level":"info","message":"Servidor http escuchando en el puerto 8080 - PID 3200"}
{"level":"info","message":"Servidor http escuchando en el puerto 8080 - PID 3508"}
{"level":"info","message":"Servidor http escuchando en el puerto 8080 - PID 10072"}
{"level":"info","message":"Servidor http escuchando en el puerto 8080 - PID 9036"}
{"level":"info","message":"Servidor http escuchando en el puerto 8080 - PID 10644"}
{"level":"info","message":"Servidor http escuchando en el puerto 8080 - PID 11224"}
{"level":"info","message":"Servidor http escuchando en el puerto 8080 - PID 10464"}
{"level":"error","message":"TypeError: userController.getAcount is not a function"}
{"level":"error","message":"TypeError: userController.getAcount is not a function"}
{"level":"error","message":"TypeError: userController.getAcount is not a function"}
{"level":"error","message":"TypeError: userController.getAcount is not a function"}
{"level":"error","message":"TypeError: userController.getAcount is not a function"}
{"level":"error","message":"TypeError: userController.getAcount is not a function"}
{"level":"info","message":"Servidor http escuchando en el puerto 8080 - PID 1312"}
{"level":"error","message":"TypeError: userController.getAcount is not a function"}
{"level":"info","message":"Servidor http escuchando en el puerto 8080 - PID 6160"}
{"level":"error","message":"TypeError: userController.getAcount is not a function"}
{"level":"error","message":"TypeError: userController.getAcount is not a function"}
{"level":"info","message":"Servidor http escuchando en el puerto 8080 - PID 3500"}
{"level":"error","message":"TypeError: userController.getAcount is not a function"}
{"level":"error","message":"TypeError: userController.getAcount is not a function"}
{"level":"info","message":"Servidor http escuchando en el puerto 8080 - PID 7544"}
{"level":"error","message":"TypeError: userController.getAcount is not a function"}
{"level":"info","message":"Servidor http escuchando en el puerto 8080 - PID 8184"}
{"level":"info","message":"Servidor http escuchando en el puerto 8080 - PID 10996"}
{"level":"info","message":"Servidor http escuchando en el puerto 8080 - PID 10316"}
{"level":"info","message":"Servidor http escuchando en el puerto 8080 - PID 672"}
{"level":"info","message":"Servidor http escuchando en el puerto 8080 - PID 12092"}
{"level":"info","message":"Servidor http escuchando en el puerto 8080 - PID 432"}
{"level":"error","message":"Error: ReferenceError: transporter is not defined"}
{"level":"error","message":"Error: ReferenceError: transporter is not defined"}
{"level":"info","message":"Servidor http escuchando en el puerto 8080 - PID 1720"}
{"level":"info","message":"Servidor http escuchando en el puerto 8080 - PID 6952"}
{"level":"info","message":"Servidor http escuchando en el puerto 8080 - PID 7480"}
{"level":"info","message":"Servidor http escuchando en el puerto 8080 - PID 8516"}
{"level":"info","message":"Servidor http escuchando en el puerto 8080 - PID 4936"}
{"level":"info","message":"Servidor http escuchando en el puerto 8080 - PID 9016"}
{"level":"info","message":"Servidor http escuchando en el puerto 8080 - PID 1076"}
{"level":"info","message":"Servidor http escuchando en el puerto 8080 - PID 3288"}
{"level":"info","message":"Servidor http escuchando en el puerto 8080 - PID 11380"}
{"level":"info","message":"Servidor http escuchando en el puerto 8080 - PID 2736"}
{"level":"info","message":"Servidor http escuchando en el puerto 8080 - PID 1304"}
{"level":"info","message":"Servidor http escuchando en el puerto 8080 - PID 2704"}
{"level":"info","message":"Servidor http escuchando en el puerto 8080 - PID 9908"}
{"level":"info","message":"Servidor http escuchando en el puerto 8080 - PID 6688"}
{"level":"info","message":"Servidor http escuchando en el puerto 8080 - PID 4424"}
{"level":"error","message":"Error al mostrar ordenes"}
{"level":"info","message":"Servidor http escuchando en el puerto 8080 - PID 12248"}
{"level":"info","message":"Servidor http escuchando en el puerto 8080 - PID 4884"}
{"level":"info","message":"Servidor http escuchando en el puerto 8080 - PID 12476"}
{"level":"info","message":"Servidor http escuchando en el puerto 8080 - PID 3016"}
{"level":"info","message":"Servidor http escuchando en el puerto 8080 - PID 11156"}
{"level":"info","message":"Servidor http escuchando en el puerto 8080 - PID 2540"}
{"level":"info","message":"Servidor http escuchando en el puerto 8080 - PID 10324"}
{"level":"info","message":"Servidor http escuchando en el puerto 8080 - PID 6788"}
{"level":"info","message":"Servidor http escuchando en el puerto 8080 - PID 9420"}
{"level":"info","message":"Servidor http escuchando en el puerto 8080 - PID 11360"}
{"level":"info","message":"Servidor http escuchando en el puerto 8080 - PID 1724"}
{"level":"info","message":"Servidor http escuchando en el puerto 8080 - PID 12580"}
{"level":"info","message":"Servidor http escuchando en el puerto 8080 - PID 4704"}
{"level":"info","message":"Servidor http escuchando en el puerto 8080 - PID 1976"}
{"level":"info","message":"Servidor http escuchando en el puerto 8080 - PID 8324"}
{"level":"info","message":"Servidor http escuchando en el puerto 8080 - PID 8012"}
{"level":"info","message":"Servidor http escuchando en el puerto 8080 - PID 12956"}
{"level":"info","message":"Servidor http escuchando en el puerto 8080 - PID 4188"}
{"level":"info","message":"Servidor http escuchando en el puerto 8080 - PID 6688"}
{"level":"info","message":"Servidor http escuchando en el puerto 8080 - PID 10908"}
{"level":"info","message":"Servidor http escuchando en el puerto 8080 - PID 7552"}
{"level":"info","message":"Servidor http escuchando en el puerto 8080 - PID 6552"}
{"level":"info","message":"Servidor http escuchando en el puerto 8080 - PID 7156"}
{"level":"info","message":"Servidor http escuchando en el puerto 8080 - PID 13144"}
{"level":"info","message":"Servidor http escuchando en el puerto 8080 - PID 12712"}
{"level":"info","message":"Servidor http escuchando en el puerto 8080 - PID 12440"}
{"level":"info","message":"Servidor http escuchando en el puerto 8080 - PID 11136"}
{"level":"info","message":"Servidor http escuchando en el puerto 8080 - PID 2380"}
{"level":"info","message":"Servidor http escuchando en el puerto 8080 - PID 3728"}
{"level":"info","message":"Servidor http escuchando en el puerto 8080 - PID 9476"}
{"level":"info","message":"Servidor http escuchando en el puerto 8080 - PID 10680"}
{"level":"info","message":"Servidor http escuchando en el puerto 8080 - PID 1928"}
{"level":"info","message":"Servidor http escuchando en el puerto 8080 - PID 13016"}
{"level":"info","message":"Servidor http escuchando en el puerto 8080 - PID 4384"}
{"level":"info","message":"Servidor http escuchando en el puerto 8080 - PID 5728"}
{"level":"info","message":"Servidor http escuchando en el puerto 8080 - PID 12936"}
{"level":"info","message":"Servidor http escuchando en el puerto 8080 - PID 7240"}
{"level":"info","message":"Servidor http escuchando en el puerto 8080 - PID 11212"}
{"level":"info","message":"Servidor http escuchando en el puerto 8080 - PID 1296"}
{"level":"info","message":"Servidor http escuchando en el puerto 8080 - PID 8536"}
{"level":"info","message":"Servidor http escuchando en el puerto 8080 - PID 9092"}
{"level":"info","message":"Servidor http escuchando en el puerto 8080 - PID 11188"}
{"level":"info","message":"Servidor http escuchando en el puerto 8080 - PID 5904"}
{"level":"info","message":"Servidor http escuchando en el puerto 8080 - PID 9960"}
{"level":"info","message":"Servidor http escuchando en el puerto 8080 - PID 8808"}
{"level":"info","message":"Servidor http escuchando en el puerto 8080 - PID 9612"}
{"level":"info","message":"Servidor http escuchando en el puerto 8080 - PID 7684"}
{"level":"info","message":"Servidor http escuchando en el puerto 8080 - PID 5276"}
{"level":"error","message":" ValidationError: username: Path `username` is required., texto: Path `texto` is required."}
{"level":"info","message":"Servidor http escuchando en el puerto 8080 - PID 11956"}
{"level":"info","message":"Servidor http escuchando en el puerto 8080 - PID 5164"}
{"level":"info","message":"Servidor http escuchando en el puerto 8080 - PID 7800"}
{"level":"info","message":"Servidor http escuchando en el puerto 8080 - PID 632"}
